Using pre-set license
Built from '2020.3/release' branch; Version is '2020.3.7f1 (dd97f2c94397) revision 14522354'; Using compiler version '192528614'; Build Type 'Release'
OS: 'Windows 10 Pro; OS build 19045.5247; Version 2009; 64bit' Language: 'ru' Physical Memory: 8098 MB
BatchMode: 1, IsHumanControllingUs: 0, StartBugReporterOnCrash: 0, Is64bit: 1, IsPro: 0

 COMMAND LINE ARGUMENTS:
E:\2020.3.7f1\Editor\Unity.exe
-adb2
-batchMode
-noUpm
-name
AssetImportWorker0
-projectPath
E:/GitHub/Data-Persistence-Project
-logFile
Logs/AssetImportWorker0.log
-srvPort
49889
Successfully changed project path to: E:/GitHub/Data-Persistence-Project
E:/GitHub/Data-Persistence-Project
Using Asset Import Pipeline V2.
Refreshing native plugins compatible for Editor in 97.34 ms, found 0 plugins.
Preloading 0 native plugins for Editor in 0.00 ms.
Initialize engine version: 2020.3.7f1 (dd97f2c94397)
[Subsystems] Discovering subsystems at path E:/2020.3.7f1/Editor/Data/Resources/UnitySubsystems
[Subsystems] Discovering subsystems at path E:/GitHub/Data-Persistence-Project/Assets
GfxDevice: creating device client; threaded=0
Direct3D:
    Version:  Direct3D 11.0 [level 11.1]
    Renderer: Intel(R) HD Graphics (ID=0x402)
    Vendor:   
    VRAM:     2048 MB
    Driver:   20.19.15.5126
Shader 'Universal Render Pipeline/Particles/Lit': fallback shader 'Universal Render Pipeline/Particles/SimpleLit' not found
Initialize mono
Mono path[0] = 'E:/2020.3.7f1/Editor/Data/Managed'
Mono path[1] = 'E:/2020.3.7f1/Editor/Data/MonoBleedingEdge/lib/mono/unityjit'
Mono config path = 'E:/2020.3.7f1/Editor/Data/MonoBleedingEdge/etc'
Using monoOptions --debugger-agent=transport=dt_socket,embedding=1,server=y,suspend=n,address=127.0.0.1:56172
Begin MonoManager ReloadAssembly
Registering precompiled unity dll's ...
Register platform support module: E:/2020.3.7f1/Editor/Data/PlaybackEngines/WindowsStandaloneSupport/UnityEditor.WindowsStandalone.Extensions.dll
Registered in 0.001232 seconds.
Native extension for WindowsStandalone target not found
Refreshing native plugins compatible for Editor in 50.23 ms, found 0 plugins.
Preloading 0 native plugins for Editor in 0.00 ms.
Mono: successfully reloaded assembly
- Completed reload, in  1.158 seconds
Platform modules already initialized, skipping
Registering precompiled user dll's ...
Registered in 0.001265 seconds.
Begin MonoManager ReloadAssembly
Native extension for WindowsStandalone target not found
Refreshing native plugins compatible for Editor in 51.57 ms, found 0 plugins.
Preloading 0 native plugins for Editor in 0.00 ms.
Mono: successfully reloaded assembly
- Completed reload, in  1.206 seconds
Platform modules already initialized, skipping
========================================================================
Worker process is ready to serve import requests
Shader 'Universal Render Pipeline/Particles/Lit': fallback shader 'Universal Render Pipeline/Particles/SimpleLit' not found
Launched and connected shader compiler UnityShaderCompiler.exe after 0.06 seconds
Refreshing native plugins compatible for Editor in 0.53 ms, found 0 plugins.
Preloading 0 native plugins for Editor in 0.00 ms.
Unloading 2436 Unused Serialized files (Serialized files now loaded: 0)
System memory in use before: 115.9 MB.
System memory in use after: 116.1 MB.

Unloading 10 unused Assets to reduce memory usage. Loaded Objects now: 2878.
Total: 3.697600 ms (FindLiveObjects: 0.327700 ms CreateObjectMapping: 0.412600 ms MarkObjects: 2.858400 ms  DeleteObjects: 0.096900 ms)

========================================================================
Received Import Request.
  path: Assets/Scenes/Main.unity
  artifactKey: Guid(78a510c781f19db4da14f78ebb30946a) Importer(815301076,1909f56bfc062723c751e8b465ee728b)
Start importing Assets/Scenes/Main.unity using Guid(78a510c781f19db4da14f78ebb30946a) Importer(815301076,1909f56bfc062723c751e8b465ee728b)  -> (artifact id: '057ce83fe03eb4b0dbd6117ee16dfcb0') in 0.030404 seconds
  Import took 0.035276 seconds .

========================================================================
Received Import Request.
  Time since last request: 0.101663 seconds.
  path: Assets/Scripts/MenuManager.cs
  artifactKey: Guid(b314e2477efcfb541bb138e83ee9adc6) Importer(815301076,1909f56bfc062723c751e8b465ee728b)
Start importing Assets/Scripts/MenuManager.cs using Guid(b314e2477efcfb541bb138e83ee9adc6) Importer(815301076,1909f56bfc062723c751e8b465ee728b)  -> (artifact id: 'd356ab9d56c5d2874a5f8dfc06dc770f') in 0.099931 seconds
  Import took 0.114092 seconds .

========================================================================
Received Prepare
Registering precompiled user dll's ...
Registered in 0.001565 seconds.
Begin MonoManager ReloadAssembly
Native extension for WindowsStandalone target not found
Refreshing native plugins compatible for Editor in 0.48 ms, found 0 plugins.
Preloading 0 native plugins for Editor in 0.00 ms.
Mono: successfully reloaded assembly
- Completed reload, in  1.272 seconds
Platform modules already initialized, skipping
Shader 'Universal Render Pipeline/Particles/Lit': fallback shader 'Universal Render Pipeline/Particles/SimpleLit' not found
Refreshing native plugins compatible for Editor in 0.51 ms, found 0 plugins.
Preloading 0 native plugins for Editor in 0.00 ms.
Unloading 2314 Unused Serialized files (Serialized files now loaded: 0)
System memory in use before: 107.8 MB.
System memory in use after: 108.0 MB.

Unloading 5 unused Assets to reduce memory usage. Loaded Objects now: 2881.
Total: 3.843000 ms (FindLiveObjects: 0.326600 ms CreateObjectMapping: 0.138300 ms MarkObjects: 3.350400 ms  DeleteObjects: 0.024900 ms)

========================================================================
Received Prepare
Registering precompiled user dll's ...
Registered in 0.001269 seconds.
Begin MonoManager ReloadAssembly
Native extension for WindowsStandalone target not found
Refreshing native plugins compatible for Editor in 0.54 ms, found 0 plugins.
Preloading 0 native plugins for Editor in 0.00 ms.
Mono: successfully reloaded assembly
- Completed reload, in  1.232 seconds
Platform modules already initialized, skipping
Shader 'Universal Render Pipeline/Particles/Lit': fallback shader 'Universal Render Pipeline/Particles/SimpleLit' not found
Refreshing native plugins compatible for Editor in 0.49 ms, found 0 plugins.
Preloading 0 native plugins for Editor in 0.00 ms.
Unloading 2314 Unused Serialized files (Serialized files now loaded: 0)
System memory in use before: 107.8 MB.
System memory in use after: 108.0 MB.

Unloading 5 unused Assets to reduce memory usage. Loaded Objects now: 2884.
Total: 12.899200 ms (FindLiveObjects: 0.277300 ms CreateObjectMapping: 0.126900 ms MarkObjects: 12.468300 ms  DeleteObjects: 0.024500 ms)

========================================================================
Received Import Request.
  Time since last request: 567.472590 seconds.
  path: Assets/Scripts/MenuManager.cs
  artifactKey: Guid(b314e2477efcfb541bb138e83ee9adc6) Importer(815301076,1909f56bfc062723c751e8b465ee728b)
Start importing Assets/Scripts/MenuManager.cs using Guid(b314e2477efcfb541bb138e83ee9adc6) Importer(815301076,1909f56bfc062723c751e8b465ee728b)  -> (artifact id: 'c50fa6b30e1a22a40b66decba6499296') in 0.021351 seconds
  Import took 0.041915 seconds .

========================================================================
Received Import Request.
  Time since last request: 128.732130 seconds.
  path: Assets/Scripts/MenuManager.cs
  artifactKey: Guid(b314e2477efcfb541bb138e83ee9adc6) Importer(815301076,1909f56bfc062723c751e8b465ee728b)
Start importing Assets/Scripts/MenuManager.cs using Guid(b314e2477efcfb541bb138e83ee9adc6) Importer(815301076,1909f56bfc062723c751e8b465ee728b)  -> (artifact id: 'cfcfd54844f4a8aec78bae2467765a55') in 0.017815 seconds
  Import took 0.134541 seconds .

========================================================================
Received Prepare
Registering precompiled user dll's ...
Registered in 0.002164 seconds.
Begin MonoManager ReloadAssembly
Native extension for WindowsStandalone target not found
Refreshing native plugins compatible for Editor in 0.48 ms, found 0 plugins.
Preloading 0 native plugins for Editor in 0.00 ms.
Mono: successfully reloaded assembly
- Completed reload, in  1.223 seconds
Platform modules already initialized, skipping
Shader 'Universal Render Pipeline/Particles/Lit': fallback shader 'Universal Render Pipeline/Particles/SimpleLit' not found
Refreshing native plugins compatible for Editor in 0.48 ms, found 0 plugins.
Preloading 0 native plugins for Editor in 0.00 ms.
Unloading 2314 Unused Serialized files (Serialized files now loaded: 0)
System memory in use before: 107.8 MB.
System memory in use after: 108.0 MB.

Unloading 5 unused Assets to reduce memory usage. Loaded Objects now: 2887.
Total: 2.460800 ms (FindLiveObjects: 0.266100 ms CreateObjectMapping: 0.131600 ms MarkObjects: 2.042800 ms  DeleteObjects: 0.018500 ms)

========================================================================
Received Prepare
Registering precompiled user dll's ...
Registered in 0.001281 seconds.
Begin MonoManager ReloadAssembly
Native extension for WindowsStandalone target not found
Refreshing native plugins compatible for Editor in 3.15 ms, found 0 plugins.
Preloading 0 native plugins for Editor in 0.00 ms.
Mono: successfully reloaded assembly
- Completed reload, in  1.085 seconds
Platform modules already initialized, skipping
Shader 'Universal Render Pipeline/Particles/Lit': fallback shader 'Universal Render Pipeline/Particles/SimpleLit' not found
Refreshing native plugins compatible for Editor in 0.56 ms, found 0 plugins.
Preloading 0 native plugins for Editor in 0.00 ms.
Unloading 2314 Unused Serialized files (Serialized files now loaded: 0)
System memory in use before: 107.8 MB.
System memory in use after: 108.1 MB.

Unloading 5 unused Assets to reduce memory usage. Loaded Objects now: 2890.
Total: 3.450700 ms (FindLiveObjects: 0.863800 ms CreateObjectMapping: 0.253900 ms MarkObjects: 2.309600 ms  DeleteObjects: 0.021100 ms)

========================================================================
Received Prepare
Registering precompiled user dll's ...
Registered in 0.001273 seconds.
Begin MonoManager ReloadAssembly
Native extension for WindowsStandalone target not found
Refreshing native plugins compatible for Editor in 0.48 ms, found 0 plugins.
Preloading 0 native plugins for Editor in 0.00 ms.
Mono: successfully reloaded assembly
- Completed reload, in  1.064 seconds
Platform modules already initialized, skipping
Shader 'Universal Render Pipeline/Particles/Lit': fallback shader 'Universal Render Pipeline/Particles/SimpleLit' not found
Refreshing native plugins compatible for Editor in 0.49 ms, found 0 plugins.
Preloading 0 native plugins for Editor in 0.00 ms.
Unloading 2314 Unused Serialized files (Serialized files now loaded: 0)
System memory in use before: 107.8 MB.
System memory in use after: 108.0 MB.

Unloading 5 unused Assets to reduce memory usage. Loaded Objects now: 2893.
Total: 3.405500 ms (FindLiveObjects: 0.352900 ms CreateObjectMapping: 0.152000 ms MarkObjects: 2.875000 ms  DeleteObjects: 0.023500 ms)

========================================================================
Received Prepare
Registering precompiled user dll's ...
Registered in 0.001235 seconds.
Begin MonoManager ReloadAssembly
Native extension for WindowsStandalone target not found
Refreshing native plugins compatible for Editor in 0.49 ms, found 0 plugins.
Preloading 0 native plugins for Editor in 0.00 ms.
Mono: successfully reloaded assembly
- Completed reload, in  2.942 seconds
Platform modules already initialized, skipping
Shader 'Universal Render Pipeline/Particles/Lit': fallback shader 'Universal Render Pipeline/Particles/SimpleLit' not found
Refreshing native plugins compatible for Editor in 0.50 ms, found 0 plugins.
Preloading 0 native plugins for Editor in 0.00 ms.
Unloading 2314 Unused Serialized files (Serialized files now loaded: 0)
System memory in use before: 107.9 MB.
System memory in use after: 108.1 MB.

Unloading 5 unused Assets to reduce memory usage. Loaded Objects now: 2896.
Total: 3.054200 ms (FindLiveObjects: 0.276400 ms CreateObjectMapping: 0.130700 ms MarkObjects: 2.623800 ms  DeleteObjects: 0.021000 ms)

========================================================================
Received Prepare
Registering precompiled user dll's ...
Registered in 0.003573 seconds.
Begin MonoManager ReloadAssembly
Native extension for WindowsStandalone target not found
Refreshing native plugins compatible for Editor in 0.49 ms, found 0 plugins.
Preloading 0 native plugins for Editor in 0.00 ms.
Mono: successfully reloaded assembly
- Completed reload, in  1.108 seconds
Platform modules already initialized, skipping
Shader 'Universal Render Pipeline/Particles/Lit': fallback shader 'Universal Render Pipeline/Particles/SimpleLit' not found
Refreshing native plugins compatible for Editor in 0.49 ms, found 0 plugins.
Preloading 0 native plugins for Editor in 0.00 ms.
Unloading 2314 Unused Serialized files (Serialized files now loaded: 0)
System memory in use before: 107.9 MB.
System memory in use after: 108.1 MB.

Unloading 5 unused Assets to reduce memory usage. Loaded Objects now: 2899.
Total: 2.483800 ms (FindLiveObjects: 0.268000 ms CreateObjectMapping: 0.120400 ms MarkObjects: 2.074800 ms  DeleteObjects: 0.018800 ms)

========================================================================
Received Prepare
Registering precompiled user dll's ...
Registered in 0.001273 seconds.
Begin MonoManager ReloadAssembly
Native extension for WindowsStandalone target not found
Refreshing native plugins compatible for Editor in 0.48 ms, found 0 plugins.
Preloading 0 native plugins for Editor in 0.00 ms.
Mono: successfully reloaded assembly
- Completed reload, in  1.052 seconds
Platform modules already initialized, skipping
Shader 'Universal Render Pipeline/Particles/Lit': fallback shader 'Universal Render Pipeline/Particles/SimpleLit' not found
Refreshing native plugins compatible for Editor in 0.80 ms, found 0 plugins.
Preloading 0 native plugins for Editor in 0.00 ms.
Unloading 2314 Unused Serialized files (Serialized files now loaded: 0)
System memory in use before: 107.9 MB.
System memory in use after: 108.1 MB.

Unloading 5 unused Assets to reduce memory usage. Loaded Objects now: 2902.
Total: 3.727700 ms (FindLiveObjects: 0.294500 ms CreateObjectMapping: 0.133400 ms MarkObjects: 3.273400 ms  DeleteObjects: 0.023900 ms)

========================================================================
Received Prepare
Registering precompiled user dll's ...
Registered in 0.002642 seconds.
Begin MonoManager ReloadAssembly
Native extension for WindowsStandalone target not found
Refreshing native plugins compatible for Editor in 0.49 ms, found 0 plugins.
Preloading 0 native plugins for Editor in 0.00 ms.
Mono: successfully reloaded assembly
- Completed reload, in  1.086 seconds
Platform modules already initialized, skipping
Shader 'Universal Render Pipeline/Particles/Lit': fallback shader 'Universal Render Pipeline/Particles/SimpleLit' not found
Refreshing native plugins compatible for Editor in 0.73 ms, found 0 plugins.
Preloading 0 native plugins for Editor in 0.00 ms.
Unloading 2314 Unused Serialized files (Serialized files now loaded: 0)
System memory in use before: 107.9 MB.
System memory in use after: 108.1 MB.

Unloading 5 unused Assets to reduce memory usage. Loaded Objects now: 2905.
Total: 7.067800 ms (FindLiveObjects: 0.409100 ms CreateObjectMapping: 0.162700 ms MarkObjects: 6.469700 ms  DeleteObjects: 0.024100 ms)

========================================================================
Received Prepare
Registering precompiled user dll's ...
Registered in 0.002370 seconds.
Begin MonoManager ReloadAssembly
Native extension for WindowsStandalone target not found
Refreshing native plugins compatible for Editor in 0.48 ms, found 0 plugins.
Preloading 0 native plugins for Editor in 0.00 ms.
Mono: successfully reloaded assembly
- Completed reload, in  1.078 seconds
Platform modules already initialized, skipping
Shader 'Universal Render Pipeline/Particles/Lit': fallback shader 'Universal Render Pipeline/Particles/SimpleLit' not found
Refreshing native plugins compatible for Editor in 0.55 ms, found 0 plugins.
Preloading 0 native plugins for Editor in 0.00 ms.
Unloading 2314 Unused Serialized files (Serialized files now loaded: 0)
System memory in use before: 107.8 MB.
System memory in use after: 108.0 MB.

Unloading 5 unused Assets to reduce memory usage. Loaded Objects now: 2908.
Total: 9.810200 ms (FindLiveObjects: 7.088700 ms CreateObjectMapping: 0.163000 ms MarkObjects: 2.534700 ms  DeleteObjects: 0.021900 ms)

========================================================================
Received Prepare
Registering precompiled user dll's ...
Registered in 0.001417 seconds.
Begin MonoManager ReloadAssembly
Native extension for WindowsStandalone target not found
Refreshing native plugins compatible for Editor in 1.11 ms, found 0 plugins.
Preloading 0 native plugins for Editor in 0.00 ms.
Mono: successfully reloaded assembly
- Completed reload, in  1.066 seconds
Platform modules already initialized, skipping
Shader 'Universal Render Pipeline/Particles/Lit': fallback shader 'Universal Render Pipeline/Particles/SimpleLit' not found
Refreshing native plugins compatible for Editor in 0.51 ms, found 0 plugins.
Preloading 0 native plugins for Editor in 0.00 ms.
Unloading 2314 Unused Serialized files (Serialized files now loaded: 0)
System memory in use before: 107.9 MB.
System memory in use after: 108.1 MB.

Unloading 5 unused Assets to reduce memory usage. Loaded Objects now: 2911.
Total: 2.698600 ms (FindLiveObjects: 0.270900 ms CreateObjectMapping: 0.125200 ms MarkObjects: 2.281000 ms  DeleteObjects: 0.019200 ms)

========================================================================
Received Prepare
Registering precompiled user dll's ...
Registered in 0.001737 seconds.
Begin MonoManager ReloadAssembly
Native extension for WindowsStandalone target not found
Refreshing native plugins compatible for Editor in 0.64 ms, found 3 plugins.
Preloading 0 native plugins for Editor in 0.00 ms.
Mono: successfully reloaded assembly
- Completed reload, in  1.922 seconds
Platform modules already initialized, skipping
Shader 'Universal Render Pipeline/Particles/Lit': fallback shader 'Universal Render Pipeline/Particles/SimpleLit' not found
Refreshing native plugins compatible for Editor in 0.58 ms, found 3 plugins.
Preloading 0 native plugins for Editor in 0.00 ms.
Unloading 2458 Unused Serialized files (Serialized files now loaded: 0)
System memory in use before: 112.9 MB.
System memory in use after: 112.9 MB.

Unloading 18 unused Assets to reduce memory usage. Loaded Objects now: 3045.
Total: 4.202200 ms (FindLiveObjects: 0.292300 ms CreateObjectMapping: 0.128300 ms MarkObjects: 3.583800 ms  DeleteObjects: 0.195200 ms)

